c:\users\huangyx\documents\visual studio 2015\projects\readxml\readxml\debug\vc140.pdb
c:\users\huangyx\documents\visual studio 2015\projects\readxml\readxml\debug\vc140.idb
c:\users\huangyx\documents\visual studio 2015\projects\readxml\readxml\debug\traverse_dir.obj
c:\users\huangyx\documents\visual studio 2015\projects\readxml\readxml\debug\源.obj
c:\users\huangyx\documents\visual studio 2015\projects\readxml\readxml\debug\readxml.obj
c:\users\huangyx\documents\visual studio 2015\projects\readxml\debug\readxml.ilk
c:\users\huangyx\documents\visual studio 2015\projects\readxml\debug\readxml.exe
c:\users\huangyx\documents\visual studio 2015\projects\readxml\debug\readxml.pdb
c:\users\huangyx\documents\visual studio 2015\projects\readxml\readxml\debug\readxml.tlog\cl.command.1.tlog
c:\users\huangyx\documents\visual studio 2015\projects\readxml\readxml\debug\readxml.tlog\cl.read.1.tlog
c:\users\huangyx\documents\visual studio 2015\projects\readxml\readxml\debug\readxml.tlog\cl.write.1.tlog
c:\users\huangyx\documents\visual studio 2015\projects\readxml\readxml\debug\readxml.tlog\link.1972.delete.1.tlog
c:\users\huangyx\documents\visual studio 2015\projects\readxml\readxml\debug\readxml.tlog\link.3292.delete.1.tlog
c:\users\huangyx\documents\visual studio 2015\projects\readxml\readxml\debug\readxml.tlog\link.3708.delete.1.tlog
c:\users\huangyx\documents\visual studio 2015\projects\readxml\readxml\debug\readxml.tlog\link.4300.delete.1.tlog
c:\users\huangyx\documents\visual studio 2015\projects\readxml\readxml\debug\readxml.tlog\link.4908.delete.1.tlog
c:\users\huangyx\documents\visual studio 2015\projects\readxml\readxml\debug\readxml.tlog\link.5012.delete.1.tlog
c:\users\huangyx\documents\visual studio 2015\projects\readxml\readxml\debug\readxml.tlog\link.5276.delete.1.tlog
c:\users\huangyx\documents\visual studio 2015\projects\readxml\readxml\debug\readxml.tlog\link.5772.delete.1.tlog
c:\users\huangyx\documents\visual studio 2015\projects\readxml\readxml\debug\readxml.tlog\link.6260.delete.1.tlog
c:\users\huangyx\documents\visual studio 2015\projects\readxml\readxml\debug\readxml.tlog\link.7456.delete.1.tlog
c:\users\huangyx\documents\visual studio 2015\projects\readxml\readxml\debug\readxml.tlog\link.7488.delete.1.tlog
c:\users\huangyx\documents\visual studio 2015\projects\readxml\readxml\debug\readxml.tlog\link.7536.delete.1.tlog
c:\users\huangyx\documents\visual studio 2015\projects\readxml\readxml\debug\readxml.tlog\link.8460.delete.1.tlog
c:\users\huangyx\documents\visual studio 2015\projects\readxml\readxml\debug\readxml.tlog\link.9152.delete.1.tlog
c:\users\huangyx\documents\visual studio 2015\projects\readxml\readxml\debug\readxml.tlog\link.9340.delete.1.tlog
c:\users\huangyx\documents\visual studio 2015\projects\readxml\readxml\debug\readxml.tlog\link.command.1.tlog
c:\users\huangyx\documents\visual studio 2015\projects\readxml\readxml\debug\readxml.tlog\link.delete.1.tlog
c:\users\huangyx\documents\visual studio 2015\projects\readxml\readxml\debug\readxml.tlog\link.read.1.tlog
c:\users\huangyx\documents\visual studio 2015\projects\readxml\readxml\debug\readxml.tlog\link.write.1.tlog
